=========================
3. The Say My Name Module
=========================

Using ''say_my_name''
---------------------

Import Module:
==============
	>>> say_my_name = __import__('3-say_my_name').say_my_name


Test Cases:
===========

Test Case #0: Testing without parameters
	>>> say_my_name()
	Traceback (most recent call last):
	TypeError: say_my_name() missing 1 required positional argument: 'first_name'

Test Case #1: Testing normal case
	>>> say_my_name("John", "Smith")
	My name is John Smith

Test Case #2: Testing only first name
	>>> say_my_name("Bob")
	My name is Bob

Test Case #3: Testing invalid data type
	>>> say_my_name(0, 1)
	Traceback (most recent call last):
	TypeError: first_name must be a string

Test Case #4: Testing case with both args empty
	>>> say_my_name("", "")
	My name is

Test Case #5: Testing with newline args
	>>> say_my_name('\n', '\n')
	My name is
	<BLANKLINE>
	<BLANKLINE>

Test Case #6: Testing with second arg as invalid data type
	>>> say_my_name("John", 1)
	Traceback (most recent call last):
	TypeError: last_name must be a string

Test Case #7: Testing with None
	>>> say_my_name(None)
	Traceback (most recent call last):
	TypeError: first_name must be a string

Test Case #8: Testing with NaN
	>>> say_my_name(NaN)
	Traceback (most recent call last):
	NameError: name 'NaN' is not defined

Test Case #9: Testing undefined variable
	>>> say_my_name(a)
	Traceback (most recent call last):
	NameError: name 'a' is not defined

Test Case #10: Testing with spaces
	>>> say_my_name(" ", " ")
	My name is   
